<?xml version="1.0" encoding="UTF-8"?>
<testng-results total="1" passed="1" failed="0" skipped="0">
  <reporter-output>
  </reporter-output>
  <suite started-at="2019-08-22T12:12:41Z" name="Default suite" finished-at="2019-08-22T12:13:05Z" duration-ms="24320">
    <groups>
    </groups>
    <test started-at="2019-08-22T12:12:41Z" name="Default test" finished-at="2019-08-22T12:13:05Z" duration-ms="24320">
      <class name="Maven.Selenium.ddt">
        <test-method is-config="true" signature="OpenUrl()[pri:0, instance:Maven.Selenium.ddt@2de8284b]" started-at="2019-08-22T15:12:41Z" name="OpenUrl" finished-at="2019-08-22T15:12:52Z" duration-ms="11255" status="PASS">
          <reporter-output>
          </reporter-output>
        </test-method> <!-- OpenUrl -->
        <test-method signature="iphone()[pri:0, instance:Maven.Selenium.ddt@2de8284b]" started-at="2019-08-22T15:12:52Z" name="iphone" finished-at="2019-08-22T15:13:05Z" duration-ms="13049" status="PASS">
          <reporter-output>
          </reporter-output>
        </test-method> <!-- iphone -->
      </class> <!-- Maven.Selenium.ddt -->
    </test> <!-- Default test -->
  </suite> <!-- Default suite -->
</testng-results>
