<?xml version="1.0" encoding="UTF-8"?>
<testng-results total="1" passed="0" failed="0" skipped="1">
  <reporter-output>
  </reporter-output>
  <suite started-at="2019-09-10T07:08:25Z" name="Default suite" finished-at="2019-09-10T07:08:26Z" duration-ms="928">
    <groups>
    </groups>
    <test started-at="2019-09-10T07:08:25Z" name="Default test" finished-at="2019-09-10T07:08:26Z" duration-ms="928">
      <class name="Test.UserLoginTest">
        <test-method is-config="true" signature="StartDriver(java.lang.String)[pri:0, instance:Test.UserLoginTest@481a15ff]" started-at="2019-09-10T10:08:17Z" name="StartDriver" finished-at="2019-09-10T10:08:25Z" duration-ms="7571" status="PASS">
          <params>
            <param index="0">
              <value>
                <![CDATA[chrome]]>
              </value>
            </param>
          </params>
          <reporter-output>
          </reporter-output>
        </test-method> <!-- StartDriver -->
        <test-method signature="userLoginSuccessfully(java.lang.String, java.lang.String)[pri:0, instance:Test.UserLoginTest@481a15ff]" started-at="2019-09-10T10:08:26Z" name="userLoginSuccessfully" data-provider="ExcelData" finished-at="2019-09-10T10:08:26Z" duration-ms="0" status="SKIP">
          <exception class="java.lang.RuntimeException">
            <message>
              <![CDATA[java.lang.NullPointerException]]>
            </message>
            <full-stacktrace>
              <![CDATA[java.lang.RuntimeException: java.lang.NullPointerException
	at org.testng.internal.MethodInvocationHelper.invokeDataProvider(MethodInvocationHelper.java:162)
	at org.testng.internal.Parameters.handleParameters(Parameters.java:441)
	at org.testng.internal.Invoker.handleParameters(Invoker.java:1303)
	at org.testng.internal.Invoker.createParameters(Invoker.java:1019)
	at org.testng.internal.Invoker.invokeTestMethods(Invoker.java:1108)
	at org.testng.internal.TestMethodWorker.invokeTestMethods(TestMethodWorker.java:124)
	at org.testng.internal.TestMethodWorker.run(TestMethodWorker.java:108)
	at org.testng.TestRunner.privateRun(TestRunner.java:771)
	at org.testng.TestRunner.run(TestRunner.java:621)
	at org.testng.SuiteRunner.runTest(SuiteRunner.java:357)
	at org.testng.SuiteRunner.runSequentially(SuiteRunner.java:352)
	at org.testng.SuiteRunner.privateRun(SuiteRunner.java:310)
	at org.testng.SuiteRunner.run(SuiteRunner.java:259)
	at org.testng.SuiteRunnerWorker.runSuite(SuiteRunnerWorker.java:52)
	at org.testng.SuiteRunnerWorker.run(SuiteRunnerWorker.java:86)
	at org.testng.TestNG.runSuitesSequentially(TestNG.java:1200)
	at org.testng.TestNG.runSuitesLocally(TestNG.java:1125)
	at org.testng.TestNG.run(TestNG.java:1033)
	at org.testng.remote.RemoteTestNG.run(RemoteTestNG.java:111)
	at org.testng.remote.RemoteTestNG.initAndRun(RemoteTestNG.java:204)
	at org.testng.remote.RemoteTestNG.main(RemoteTestNG.java:175)
Caused by: java.lang.NullPointerException
	at Data.ExcelReader.getexcelData(ExcelReader.java:44)
	at Test.UserLoginTest.UserLoginData(UserLoginTest.java:19)
	at java.base/jdk.internal.reflect.NativeMethodAccessorImpl.invoke0(Native Method)
	at java.base/jdk.internal.reflect.NativeMethodAccessorImpl.invoke(NativeMethodAccessorImpl.java:62)
	at java.base/jdk.internal.reflect.DelegatingMethodAccessorImpl.invoke(DelegatingMethodAccessorImpl.java:43)
	at java.base/java.lang.reflect.Method.invoke(Method.java:567)
	at org.testng.internal.MethodInvocationHelper.invokeMethod(MethodInvocationHelper.java:85)
	at org.testng.internal.MethodInvocationHelper.invokeDataProvider(MethodInvocationHelper.java:136)
	... 20 more
]]>
            </full-stacktrace>
          </exception> <!-- java.lang.RuntimeException -->
          <reporter-output>
          </reporter-output>
        </test-method> <!-- userLoginSuccessfully -->
        <test-method is-config="true" signature="StopDriver()[pri:0, instance:Test.UserLoginTest@481a15ff]" started-at="2019-09-10T10:08:26Z" name="StopDriver" finished-at="2019-09-10T10:08:28Z" duration-ms="2145" status="PASS">
          <reporter-output>
          </reporter-output>
        </test-method> <!-- StopDriver -->
      </class> <!-- Test.UserLoginTest -->
    </test> <!-- Default test -->
  </suite> <!-- Default suite -->
</testng-results>
